2023-12-14 20:31:05,752 - DEBUG - rank0: pid=347195
2023-12-14 20:31:05,753 - WARNING - The tensor name already exists in the kvstore
2023-12-14 20:31:05,806 - DEBUG - in rank0, full_emb.data_ptr=0x100000002000
2023-12-14 20:31:05,807 - INFO - emb.data_ptr=0x100000002000
2023-12-14 20:31:05,817 - INFO - rank0, i=0, tensor([[0., 0., 0.]])
2023-12-14 20:31:05,819 - INFO - rank0, i=1, tensor([[1., 1., 1.]])
2023-12-14 20:31:05,820 - INFO - rank0, i=2, tensor([[2., 2., 2.]])
2023-12-14 20:31:05,821 - INFO - rank0, i=3, tensor([[3., 3., 3.]])
2023-12-14 20:31:05,822 - INFO - rank0, i=4, tensor([[4., 4., 4.]])
2023-12-14 20:31:05,823 - INFO - rank0, i=5, tensor([[5., 5., 5.]])
2023-12-14 20:31:05,825 - INFO - rank0, i=6, tensor([[6., 6., 6.]])
2023-12-14 20:31:05,826 - INFO - rank0, i=7, tensor([[7., 7., 7.]])
2023-12-14 20:31:05,827 - INFO - rank0, i=8, tensor([[8., 8., 8.]])
2023-12-14 20:31:05,828 - INFO - rank0, i=9, tensor([[9., 9., 9.]])
2023-12-14 20:31:07,331 - DEBUG - 0:step0, input_keys tensor([1, 2], device='cuda:0')
2023-12-14 20:31:08,167 - DEBUG - 0:std_embed_value tensor([[1., 1., 1.],
        [2., 2., 2.]], device='cuda:0', grad_fn=<EmbeddingBackward0>)
2023-12-14 20:31:08,167 - DEBUG - 0: emb_cache tensor([[0., 0., 0.]], device='cuda:0')
2023-12-14 20:31:08,168 - DEBUG - 0: full_emb tensor([[ 0.,  0.,  0.],
        [ 1.,  1.,  1.],
        [ 2.,  2.,  2.],
        [ 3.,  3.,  3.],
        [ 4.,  4.,  4.],
        [ 5.,  5.,  5.],
        [ 6.,  6.,  6.],
        [ 7.,  7.,  7.],
        [ 8.,  8.,  8.],
        [ 9.,  9.,  9.],
        [10., 10., 10.],
        [11., 11., 11.],
        [12., 12., 12.],
        [13., 13., 13.],
        [14., 14., 14.],
        [15., 15., 15.],
        [16., 16., 16.],
        [17., 17., 17.],
        [18., 18., 18.],
        [19., 19., 19.]])
2023-12-14 20:31:08,170 - DEBUG - 0:embed_value tensor([[1., 1., 1.],
        [2., 2., 2.]], device='cuda:0',
       grad_fn=<KnownLocalCachedEmbeddingFnBackward>)
2023-12-14 20:31:08,777 - DEBUG - 0:step1, input_keys tensor([1, 2], device='cuda:0')
2023-12-14 20:31:08,777 - INFO - Reducer buckets have been rebuilt in this iteration.
2023-12-14 20:31:08,780 - DEBUG - 0:std_embed_value tensor([[0.5000, 0.5000, 0.5000],
        [1.0000, 1.0000, 1.0000]], device='cuda:0',
       grad_fn=<EmbeddingBackward0>)
2023-12-14 20:31:08,781 - DEBUG - 0: emb_cache tensor([[-0.5000, -0.5000, -0.5000]], device='cuda:0')
2023-12-14 20:31:08,782 - DEBUG - 0: full_emb tensor([[-0.5000, -0.5000, -0.5000],
        [ 0.5000,  0.5000,  0.5000],
        [ 1.0000,  1.0000,  1.0000],
        [ 3.0000,  3.0000,  3.0000],
        [ 4.0000,  4.0000,  4.0000],
        [ 5.0000,  5.0000,  5.0000],
        [ 6.0000,  6.0000,  6.0000],
        [ 7.0000,  7.0000,  7.0000],
        [ 8.0000,  8.0000,  8.0000],
        [ 9.0000,  9.0000,  9.0000],
        [10.0000, 10.0000, 10.0000],
        [11.0000, 11.0000, 11.0000],
        [12.0000, 12.0000, 12.0000],
        [13.0000, 13.0000, 13.0000],
        [14.0000, 14.0000, 14.0000],
        [15.0000, 15.0000, 15.0000],
        [16.0000, 16.0000, 16.0000],
        [17.0000, 17.0000, 17.0000],
        [18.0000, 18.0000, 18.0000],
        [19.0000, 19.0000, 19.0000]])
2023-12-14 20:31:08,783 - DEBUG - 0:embed_value tensor([[0.5000, 0.5000, 0.5000],
        [1.0000, 1.0000, 1.0000]], device='cuda:0',
       grad_fn=<KnownLocalCachedEmbeddingFnBackward>)
2023-12-14 20:31:08,788 - DEBUG - 0:step2, input_keys tensor([1, 2], device='cuda:0')
2023-12-14 20:31:08,789 - DEBUG - 0:std_embed_value tensor([[0., 0., 0.],
        [0., 0., 0.]], device='cuda:0', grad_fn=<EmbeddingBackward0>)
2023-12-14 20:31:08,790 - DEBUG - 0: emb_cache tensor([[-1., -1., -1.]], device='cuda:0')
2023-12-14 20:31:08,791 - DEBUG - 0: full_emb tensor([[-1., -1., -1.],
        [ 0.,  0.,  0.],
        [ 0.,  0.,  0.],
        [ 3.,  3.,  3.],
        [ 4.,  4.,  4.],
        [ 5.,  5.,  5.],
        [ 6.,  6.,  6.],
        [ 7.,  7.,  7.],
        [ 8.,  8.,  8.],
        [ 9.,  9.,  9.],
        [10., 10., 10.],
        [11., 11., 11.],
        [12., 12., 12.],
        [13., 13., 13.],
        [14., 14., 14.],
        [15., 15., 15.],
        [16., 16., 16.],
        [17., 17., 17.],
        [18., 18., 18.],
        [19., 19., 19.]])
2023-12-14 20:31:08,792 - DEBUG - 0:embed_value tensor([[0., 0., 0.],
        [0., 0., 0.]], device='cuda:0',
       grad_fn=<KnownLocalCachedEmbeddingFnBackward>)
2023-12-14 20:31:08,797 - DEBUG - 0:step3, input_keys tensor([1, 2], device='cuda:0')
2023-12-14 20:31:08,800 - DEBUG - 0:std_embed_value tensor([[-0.5000, -0.5000, -0.5000],
        [-1.0000, -1.0000, -1.0000]], device='cuda:0',
       grad_fn=<EmbeddingBackward0>)
2023-12-14 20:31:08,800 - DEBUG - 0: emb_cache tensor([[-1.5000, -1.5000, -1.5000]], device='cuda:0')
2023-12-14 20:31:08,801 - DEBUG - 0: full_emb tensor([[-1.5000, -1.5000, -1.5000],
        [-0.5000, -0.5000, -0.5000],
        [-1.0000, -1.0000, -1.0000],
        [ 3.0000,  3.0000,  3.0000],
        [ 4.0000,  4.0000,  4.0000],
        [ 5.0000,  5.0000,  5.0000],
        [ 6.0000,  6.0000,  6.0000],
        [ 7.0000,  7.0000,  7.0000],
        [ 8.0000,  8.0000,  8.0000],
        [ 9.0000,  9.0000,  9.0000],
        [10.0000, 10.0000, 10.0000],
        [11.0000, 11.0000, 11.0000],
        [12.0000, 12.0000, 12.0000],
        [13.0000, 13.0000, 13.0000],
        [14.0000, 14.0000, 14.0000],
        [15.0000, 15.0000, 15.0000],
        [16.0000, 16.0000, 16.0000],
        [17.0000, 17.0000, 17.0000],
        [18.0000, 18.0000, 18.0000],
        [19.0000, 19.0000, 19.0000]])
2023-12-14 20:31:08,802 - DEBUG - 0:embed_value tensor([[-0.5000, -0.5000, -0.5000],
        [-1.0000, -1.0000, -1.0000]], device='cuda:0',
       grad_fn=<KnownLocalCachedEmbeddingFnBackward>)
2023-12-14 20:31:08,809 - DEBUG - 0:step4, input_keys tensor([1, 2], device='cuda:0')
2023-12-14 20:31:08,812 - DEBUG - 0:std_embed_value tensor([[-1., -1., -1.],
        [-2., -2., -2.]], device='cuda:0', grad_fn=<EmbeddingBackward0>)
2023-12-14 20:31:08,813 - DEBUG - 0: emb_cache tensor([[-2., -2., -2.]], device='cuda:0')
2023-12-14 20:31:08,814 - DEBUG - 0: full_emb tensor([[-2., -2., -2.],
        [-1., -1., -1.],
        [-2., -2., -2.],
        [ 3.,  3.,  3.],
        [ 4.,  4.,  4.],
        [ 5.,  5.,  5.],
        [ 6.,  6.,  6.],
        [ 7.,  7.,  7.],
        [ 8.,  8.,  8.],
        [ 9.,  9.,  9.],
        [10., 10., 10.],
        [11., 11., 11.],
        [12., 12., 12.],
        [13., 13., 13.],
        [14., 14., 14.],
        [15., 15., 15.],
        [16., 16., 16.],
        [17., 17., 17.],
        [18., 18., 18.],
        [19., 19., 19.]])
2023-12-14 20:31:08,815 - DEBUG - 0:embed_value tensor([[-1., -1., -1.],
        [-2., -2., -2.]], device='cuda:0',
       grad_fn=<KnownLocalCachedEmbeddingFnBackward>)
2023-12-14 20:31:08,823 - DEBUG - 0:step5, input_keys tensor([1, 2], device='cuda:0')
2023-12-14 20:31:08,825 - DEBUG - 0:std_embed_value tensor([[-1.5000, -1.5000, -1.5000],
        [-3.0000, -3.0000, -3.0000]], device='cuda:0',
       grad_fn=<EmbeddingBackward0>)
2023-12-14 20:31:08,826 - DEBUG - 0: emb_cache tensor([[-2.5000, -2.5000, -2.5000]], device='cuda:0')
2023-12-14 20:31:08,827 - DEBUG - 0: full_emb tensor([[-2.5000, -2.5000, -2.5000],
        [-1.5000, -1.5000, -1.5000],
        [-3.0000, -3.0000, -3.0000],
        [ 3.0000,  3.0000,  3.0000],
        [ 4.0000,  4.0000,  4.0000],
        [ 5.0000,  5.0000,  5.0000],
        [ 6.0000,  6.0000,  6.0000],
        [ 7.0000,  7.0000,  7.0000],
        [ 8.0000,  8.0000,  8.0000],
        [ 9.0000,  9.0000,  9.0000],
        [10.0000, 10.0000, 10.0000],
        [11.0000, 11.0000, 11.0000],
        [12.0000, 12.0000, 12.0000],
        [13.0000, 13.0000, 13.0000],
        [14.0000, 14.0000, 14.0000],
        [15.0000, 15.0000, 15.0000],
        [16.0000, 16.0000, 16.0000],
        [17.0000, 17.0000, 17.0000],
        [18.0000, 18.0000, 18.0000],
        [19.0000, 19.0000, 19.0000]])
2023-12-14 20:31:08,828 - DEBUG - 0:embed_value tensor([[-1.5000, -1.5000, -1.5000],
        [-3.0000, -3.0000, -3.0000]], device='cuda:0',
       grad_fn=<KnownLocalCachedEmbeddingFnBackward>)
2023-12-14 20:31:08,834 - DEBUG - 0:step6, input_keys tensor([1, 2], device='cuda:0')
2023-12-14 20:31:08,836 - DEBUG - 0:std_embed_value tensor([[-2., -2., -2.],
        [-4., -4., -4.]], device='cuda:0', grad_fn=<EmbeddingBackward0>)
2023-12-14 20:31:08,837 - DEBUG - 0: emb_cache tensor([[-3., -3., -3.]], device='cuda:0')
2023-12-14 20:31:08,838 - DEBUG - 0: full_emb tensor([[-3., -3., -3.],
        [-2., -2., -2.],
        [-4., -4., -4.],
        [ 3.,  3.,  3.],
        [ 4.,  4.,  4.],
        [ 5.,  5.,  5.],
        [ 6.,  6.,  6.],
        [ 7.,  7.,  7.],
        [ 8.,  8.,  8.],
        [ 9.,  9.,  9.],
        [10., 10., 10.],
        [11., 11., 11.],
        [12., 12., 12.],
        [13., 13., 13.],
        [14., 14., 14.],
        [15., 15., 15.],
        [16., 16., 16.],
        [17., 17., 17.],
        [18., 18., 18.],
        [19., 19., 19.]])
2023-12-14 20:31:08,839 - DEBUG - 0:embed_value tensor([[-2., -2., -2.],
        [-4., -4., -4.]], device='cuda:0',
       grad_fn=<KnownLocalCachedEmbeddingFnBackward>)
2023-12-14 20:31:08,847 - DEBUG - 0:step7, input_keys tensor([1, 2], device='cuda:0')
2023-12-14 20:31:08,849 - DEBUG - 0:std_embed_value tensor([[-2.5000, -2.5000, -2.5000],
        [-5.0000, -5.0000, -5.0000]], device='cuda:0',
       grad_fn=<EmbeddingBackward0>)
2023-12-14 20:31:08,849 - DEBUG - 0: emb_cache tensor([[-3.5000, -3.5000, -3.5000]], device='cuda:0')
2023-12-14 20:31:08,850 - DEBUG - 0: full_emb tensor([[-3.5000, -3.5000, -3.5000],
        [-2.5000, -2.5000, -2.5000],
        [-5.0000, -5.0000, -5.0000],
        [ 3.0000,  3.0000,  3.0000],
        [ 4.0000,  4.0000,  4.0000],
        [ 5.0000,  5.0000,  5.0000],
        [ 6.0000,  6.0000,  6.0000],
        [ 7.0000,  7.0000,  7.0000],
        [ 8.0000,  8.0000,  8.0000],
        [ 9.0000,  9.0000,  9.0000],
        [10.0000, 10.0000, 10.0000],
        [11.0000, 11.0000, 11.0000],
        [12.0000, 12.0000, 12.0000],
        [13.0000, 13.0000, 13.0000],
        [14.0000, 14.0000, 14.0000],
        [15.0000, 15.0000, 15.0000],
        [16.0000, 16.0000, 16.0000],
        [17.0000, 17.0000, 17.0000],
        [18.0000, 18.0000, 18.0000],
        [19.0000, 19.0000, 19.0000]])
2023-12-14 20:31:08,851 - DEBUG - 0:embed_value tensor([[-2.5000, -2.5000, -2.5000],
        [-5.0000, -5.0000, -5.0000]], device='cuda:0',
       grad_fn=<KnownLocalCachedEmbeddingFnBackward>)
2023-12-14 20:31:08,857 - DEBUG - 0:step8, input_keys tensor([1, 2], device='cuda:0')
2023-12-14 20:31:08,859 - DEBUG - 0:std_embed_value tensor([[-3., -3., -3.],
        [-6., -6., -6.]], device='cuda:0', grad_fn=<EmbeddingBackward0>)
2023-12-14 20:31:08,860 - DEBUG - 0: emb_cache tensor([[-4., -4., -4.]], device='cuda:0')
2023-12-14 20:31:08,861 - DEBUG - 0: full_emb tensor([[-4., -4., -4.],
        [-3., -3., -3.],
        [-6., -6., -6.],
        [ 3.,  3.,  3.],
        [ 4.,  4.,  4.],
        [ 5.,  5.,  5.],
        [ 6.,  6.,  6.],
        [ 7.,  7.,  7.],
        [ 8.,  8.,  8.],
        [ 9.,  9.,  9.],
        [10., 10., 10.],
        [11., 11., 11.],
        [12., 12., 12.],
        [13., 13., 13.],
        [14., 14., 14.],
        [15., 15., 15.],
        [16., 16., 16.],
        [17., 17., 17.],
        [18., 18., 18.],
        [19., 19., 19.]])
2023-12-14 20:31:08,862 - DEBUG - 0:embed_value tensor([[-3., -3., -3.],
        [-6., -6., -6.]], device='cuda:0',
       grad_fn=<KnownLocalCachedEmbeddingFnBackward>)
2023-12-14 20:31:08,869 - DEBUG - 0:step9, input_keys tensor([1, 2], device='cuda:0')
2023-12-14 20:31:08,870 - DEBUG - 0:std_embed_value tensor([[-3.5000, -3.5000, -3.5000],
        [-7.0000, -7.0000, -7.0000]], device='cuda:0',
       grad_fn=<EmbeddingBackward0>)
2023-12-14 20:31:08,871 - DEBUG - 0: emb_cache tensor([[-4.5000, -4.5000, -4.5000]], device='cuda:0')
2023-12-14 20:31:08,872 - DEBUG - 0: full_emb tensor([[-4.5000, -4.5000, -4.5000],
        [-3.5000, -3.5000, -3.5000],
        [-7.0000, -7.0000, -7.0000],
        [ 3.0000,  3.0000,  3.0000],
        [ 4.0000,  4.0000,  4.0000],
        [ 5.0000,  5.0000,  5.0000],
        [ 6.0000,  6.0000,  6.0000],
        [ 7.0000,  7.0000,  7.0000],
        [ 8.0000,  8.0000,  8.0000],
        [ 9.0000,  9.0000,  9.0000],
        [10.0000, 10.0000, 10.0000],
        [11.0000, 11.0000, 11.0000],
        [12.0000, 12.0000, 12.0000],
        [13.0000, 13.0000, 13.0000],
        [14.0000, 14.0000, 14.0000],
        [15.0000, 15.0000, 15.0000],
        [16.0000, 16.0000, 16.0000],
        [17.0000, 17.0000, 17.0000],
        [18.0000, 18.0000, 18.0000],
        [19.0000, 19.0000, 19.0000]])
2023-12-14 20:31:08,873 - DEBUG - 0:embed_value tensor([[-3.5000, -3.5000, -3.5000],
        [-7.0000, -7.0000, -7.0000]], device='cuda:0',
       grad_fn=<KnownLocalCachedEmbeddingFnBackward>)
2023-12-14 20:31:08,878 - DEBUG - 0:step10, input_keys tensor([1, 2], device='cuda:0')
2023-12-14 20:31:08,880 - DEBUG - 0:std_embed_value tensor([[-4., -4., -4.],
        [-8., -8., -8.]], device='cuda:0', grad_fn=<EmbeddingBackward0>)
2023-12-14 20:31:08,881 - DEBUG - 0: emb_cache tensor([[-5., -5., -5.]], device='cuda:0')
2023-12-14 20:31:08,882 - DEBUG - 0: full_emb tensor([[-5., -5., -5.],
        [-4., -4., -4.],
        [-8., -8., -8.],
        [ 3.,  3.,  3.],
        [ 4.,  4.,  4.],
        [ 5.,  5.,  5.],
        [ 6.,  6.,  6.],
        [ 7.,  7.,  7.],
        [ 8.,  8.,  8.],
        [ 9.,  9.,  9.],
        [10., 10., 10.],
        [11., 11., 11.],
        [12., 12., 12.],
        [13., 13., 13.],
        [14., 14., 14.],
        [15., 15., 15.],
        [16., 16., 16.],
        [17., 17., 17.],
        [18., 18., 18.],
        [19., 19., 19.]])
2023-12-14 20:31:08,883 - DEBUG - 0:embed_value tensor([[-4., -4., -4.],
        [-8., -8., -8.]], device='cuda:0',
       grad_fn=<KnownLocalCachedEmbeddingFnBackward>)
2023-12-14 20:31:08,888 - DEBUG - 0:step11, input_keys tensor([1, 2], device='cuda:0')
2023-12-14 20:31:08,890 - DEBUG - 0:std_embed_value tensor([[-4.5000, -4.5000, -4.5000],
        [-9.0000, -9.0000, -9.0000]], device='cuda:0',
       grad_fn=<EmbeddingBackward0>)
2023-12-14 20:31:08,890 - DEBUG - 0: emb_cache tensor([[-5.5000, -5.5000, -5.5000]], device='cuda:0')
2023-12-14 20:31:08,891 - DEBUG - 0: full_emb tensor([[-5.5000, -5.5000, -5.5000],
        [-4.5000, -4.5000, -4.5000],
        [-9.0000, -9.0000, -9.0000],
        [ 3.0000,  3.0000,  3.0000],
        [ 4.0000,  4.0000,  4.0000],
        [ 5.0000,  5.0000,  5.0000],
        [ 6.0000,  6.0000,  6.0000],
        [ 7.0000,  7.0000,  7.0000],
        [ 8.0000,  8.0000,  8.0000],
        [ 9.0000,  9.0000,  9.0000],
        [10.0000, 10.0000, 10.0000],
        [11.0000, 11.0000, 11.0000],
        [12.0000, 12.0000, 12.0000],
        [13.0000, 13.0000, 13.0000],
        [14.0000, 14.0000, 14.0000],
        [15.0000, 15.0000, 15.0000],
        [16.0000, 16.0000, 16.0000],
        [17.0000, 17.0000, 17.0000],
        [18.0000, 18.0000, 18.0000],
        [19.0000, 19.0000, 19.0000]])
2023-12-14 20:31:08,892 - DEBUG - 0:embed_value tensor([[-4.5000, -4.5000, -4.5000],
        [-9.0000, -9.0000, -9.0000]], device='cuda:0',
       grad_fn=<KnownLocalCachedEmbeddingFnBackward>)
2023-12-14 20:31:08,897 - DEBUG - 0:step12, input_keys tensor([1, 2], device='cuda:0')
2023-12-14 20:31:08,899 - DEBUG - 0:std_embed_value tensor([[ -5.,  -5.,  -5.],
        [-10., -10., -10.]], device='cuda:0', grad_fn=<EmbeddingBackward0>)
2023-12-14 20:31:08,899 - DEBUG - 0: emb_cache tensor([[-6., -6., -6.]], device='cuda:0')
2023-12-14 20:31:08,900 - DEBUG - 0: full_emb tensor([[ -6.,  -6.,  -6.],
        [ -5.,  -5.,  -5.],
        [-10., -10., -10.],
        [  3.,   3.,   3.],
        [  4.,   4.,   4.],
        [  5.,   5.,   5.],
        [  6.,   6.,   6.],
        [  7.,   7.,   7.],
        [  8.,   8.,   8.],
        [  9.,   9.,   9.],
        [ 10.,  10.,  10.],
        [ 11.,  11.,  11.],
        [ 12.,  12.,  12.],
        [ 13.,  13.,  13.],
        [ 14.,  14.,  14.],
        [ 15.,  15.,  15.],
        [ 16.,  16.,  16.],
        [ 17.,  17.,  17.],
        [ 18.,  18.,  18.],
        [ 19.,  19.,  19.]])
2023-12-14 20:31:08,901 - DEBUG - 0:embed_value tensor([[ -5.,  -5.,  -5.],
        [-10., -10., -10.]], device='cuda:0',
       grad_fn=<KnownLocalCachedEmbeddingFnBackward>)
2023-12-14 20:31:08,906 - DEBUG - 0:step13, input_keys tensor([1, 2], device='cuda:0')
2023-12-14 20:31:08,908 - DEBUG - 0:std_embed_value tensor([[ -5.5000,  -5.5000,  -5.5000],
        [-11.0000, -11.0000, -11.0000]], device='cuda:0',
       grad_fn=<EmbeddingBackward0>)
2023-12-14 20:31:08,909 - DEBUG - 0: emb_cache tensor([[-6.5000, -6.5000, -6.5000]], device='cuda:0')
2023-12-14 20:31:08,910 - DEBUG - 0: full_emb tensor([[ -6.5000,  -6.5000,  -6.5000],
        [ -5.5000,  -5.5000,  -5.5000],
        [-11.0000, -11.0000, -11.0000],
        [  3.0000,   3.0000,   3.0000],
        [  4.0000,   4.0000,   4.0000],
        [  5.0000,   5.0000,   5.0000],
        [  6.0000,   6.0000,   6.0000],
        [  7.0000,   7.0000,   7.0000],
        [  8.0000,   8.0000,   8.0000],
        [  9.0000,   9.0000,   9.0000],
        [ 10.0000,  10.0000,  10.0000],
        [ 11.0000,  11.0000,  11.0000],
        [ 12.0000,  12.0000,  12.0000],
        [ 13.0000,  13.0000,  13.0000],
        [ 14.0000,  14.0000,  14.0000],
        [ 15.0000,  15.0000,  15.0000],
        [ 16.0000,  16.0000,  16.0000],
        [ 17.0000,  17.0000,  17.0000],
        [ 18.0000,  18.0000,  18.0000],
        [ 19.0000,  19.0000,  19.0000]])
2023-12-14 20:31:08,911 - DEBUG - 0:embed_value tensor([[ -5.5000,  -5.5000,  -5.5000],
        [-11.0000, -11.0000, -11.0000]], device='cuda:0',
       grad_fn=<KnownLocalCachedEmbeddingFnBackward>)
2023-12-14 20:31:08,916 - DEBUG - 0:step14, input_keys tensor([1, 2], device='cuda:0')
2023-12-14 20:31:08,917 - DEBUG - 0:std_embed_value tensor([[ -6.,  -6.,  -6.],
        [-12., -12., -12.]], device='cuda:0', grad_fn=<EmbeddingBackward0>)
2023-12-14 20:31:08,918 - DEBUG - 0: emb_cache tensor([[-7., -7., -7.]], device='cuda:0')
2023-12-14 20:31:08,919 - DEBUG - 0: full_emb tensor([[ -7.,  -7.,  -7.],
        [ -6.,  -6.,  -6.],
        [-12., -12., -12.],
        [  3.,   3.,   3.],
        [  4.,   4.,   4.],
        [  5.,   5.,   5.],
        [  6.,   6.,   6.],
        [  7.,   7.,   7.],
        [  8.,   8.,   8.],
        [  9.,   9.,   9.],
        [ 10.,  10.,  10.],
        [ 11.,  11.,  11.],
        [ 12.,  12.,  12.],
        [ 13.,  13.,  13.],
        [ 14.,  14.,  14.],
        [ 15.,  15.,  15.],
        [ 16.,  16.,  16.],
        [ 17.,  17.,  17.],
        [ 18.,  18.,  18.],
        [ 19.,  19.,  19.]])
2023-12-14 20:31:08,920 - DEBUG - 0:embed_value tensor([[ -6.,  -6.,  -6.],
        [-12., -12., -12.]], device='cuda:0',
       grad_fn=<KnownLocalCachedEmbeddingFnBackward>)
2023-12-14 20:31:08,925 - DEBUG - 0:step15, input_keys tensor([1, 2], device='cuda:0')
2023-12-14 20:31:08,927 - DEBUG - 0:std_embed_value tensor([[ -6.5000,  -6.5000,  -6.5000],
        [-13.0000, -13.0000, -13.0000]], device='cuda:0',
       grad_fn=<EmbeddingBackward0>)
2023-12-14 20:31:08,927 - DEBUG - 0: emb_cache tensor([[-7.5000, -7.5000, -7.5000]], device='cuda:0')
2023-12-14 20:31:08,928 - DEBUG - 0: full_emb tensor([[ -7.5000,  -7.5000,  -7.5000],
        [ -6.5000,  -6.5000,  -6.5000],
        [-13.0000, -13.0000, -13.0000],
        [  3.0000,   3.0000,   3.0000],
        [  4.0000,   4.0000,   4.0000],
        [  5.0000,   5.0000,   5.0000],
        [  6.0000,   6.0000,   6.0000],
        [  7.0000,   7.0000,   7.0000],
        [  8.0000,   8.0000,   8.0000],
        [  9.0000,   9.0000,   9.0000],
        [ 10.0000,  10.0000,  10.0000],
        [ 11.0000,  11.0000,  11.0000],
        [ 12.0000,  12.0000,  12.0000],
        [ 13.0000,  13.0000,  13.0000],
        [ 14.0000,  14.0000,  14.0000],
        [ 15.0000,  15.0000,  15.0000],
        [ 16.0000,  16.0000,  16.0000],
        [ 17.0000,  17.0000,  17.0000],
        [ 18.0000,  18.0000,  18.0000],
        [ 19.0000,  19.0000,  19.0000]])
2023-12-14 20:31:08,929 - DEBUG - 0:embed_value tensor([[ -6.5000,  -6.5000,  -6.5000],
        [-13.0000, -13.0000, -13.0000]], device='cuda:0',
       grad_fn=<KnownLocalCachedEmbeddingFnBackward>)
2023-12-14 20:31:08,934 - DEBUG - 0:step16, input_keys tensor([1, 2], device='cuda:0')
2023-12-14 20:31:08,935 - DEBUG - 0:std_embed_value tensor([[ -7.,  -7.,  -7.],
        [-14., -14., -14.]], device='cuda:0', grad_fn=<EmbeddingBackward0>)
2023-12-14 20:31:08,936 - DEBUG - 0: emb_cache tensor([[-8., -8., -8.]], device='cuda:0')
2023-12-14 20:31:08,937 - DEBUG - 0: full_emb tensor([[ -8.,  -8.,  -8.],
        [ -7.,  -7.,  -7.],
        [-14., -14., -14.],
        [  3.,   3.,   3.],
        [  4.,   4.,   4.],
        [  5.,   5.,   5.],
        [  6.,   6.,   6.],
        [  7.,   7.,   7.],
        [  8.,   8.,   8.],
        [  9.,   9.,   9.],
        [ 10.,  10.,  10.],
        [ 11.,  11.,  11.],
        [ 12.,  12.,  12.],
        [ 13.,  13.,  13.],
        [ 14.,  14.,  14.],
        [ 15.,  15.,  15.],
        [ 16.,  16.,  16.],
        [ 17.,  17.,  17.],
        [ 18.,  18.,  18.],
        [ 19.,  19.,  19.]])
2023-12-14 20:31:08,938 - DEBUG - 0:embed_value tensor([[ -7.,  -7.,  -7.],
        [-14., -14., -14.]], device='cuda:0',
       grad_fn=<KnownLocalCachedEmbeddingFnBackward>)
2023-12-14 20:31:08,943 - DEBUG - 0:step17, input_keys tensor([1, 2], device='cuda:0')
2023-12-14 20:31:08,944 - DEBUG - 0:std_embed_value tensor([[ -7.5000,  -7.5000,  -7.5000],
        [-15.0000, -15.0000, -15.0000]], device='cuda:0',
       grad_fn=<EmbeddingBackward0>)
2023-12-14 20:31:08,945 - DEBUG - 0: emb_cache tensor([[-8.5000, -8.5000, -8.5000]], device='cuda:0')
2023-12-14 20:31:08,946 - DEBUG - 0: full_emb tensor([[ -8.5000,  -8.5000,  -8.5000],
        [ -7.5000,  -7.5000,  -7.5000],
        [-15.0000, -15.0000, -15.0000],
        [  3.0000,   3.0000,   3.0000],
        [  4.0000,   4.0000,   4.0000],
        [  5.0000,   5.0000,   5.0000],
        [  6.0000,   6.0000,   6.0000],
        [  7.0000,   7.0000,   7.0000],
        [  8.0000,   8.0000,   8.0000],
        [  9.0000,   9.0000,   9.0000],
        [ 10.0000,  10.0000,  10.0000],
        [ 11.0000,  11.0000,  11.0000],
        [ 12.0000,  12.0000,  12.0000],
        [ 13.0000,  13.0000,  13.0000],
        [ 14.0000,  14.0000,  14.0000],
        [ 15.0000,  15.0000,  15.0000],
        [ 16.0000,  16.0000,  16.0000],
        [ 17.0000,  17.0000,  17.0000],
        [ 18.0000,  18.0000,  18.0000],
        [ 19.0000,  19.0000,  19.0000]])
2023-12-14 20:31:08,947 - DEBUG - 0:embed_value tensor([[ -7.5000,  -7.5000,  -7.5000],
        [-15.0000, -15.0000, -15.0000]], device='cuda:0',
       grad_fn=<KnownLocalCachedEmbeddingFnBackward>)
2023-12-14 20:31:08,951 - DEBUG - 0:step18, input_keys tensor([1, 2], device='cuda:0')
2023-12-14 20:31:08,953 - DEBUG - 0:std_embed_value tensor([[ -8.,  -8.,  -8.],
        [-16., -16., -16.]], device='cuda:0', grad_fn=<EmbeddingBackward0>)
2023-12-14 20:31:08,954 - DEBUG - 0: emb_cache tensor([[-9., -9., -9.]], device='cuda:0')
2023-12-14 20:31:08,955 - DEBUG - 0: full_emb tensor([[ -9.,  -9.,  -9.],
        [ -8.,  -8.,  -8.],
        [-16., -16., -16.],
        [  3.,   3.,   3.],
        [  4.,   4.,   4.],
        [  5.,   5.,   5.],
        [  6.,   6.,   6.],
        [  7.,   7.,   7.],
        [  8.,   8.,   8.],
        [  9.,   9.,   9.],
        [ 10.,  10.,  10.],
        [ 11.,  11.,  11.],
        [ 12.,  12.,  12.],
        [ 13.,  13.,  13.],
        [ 14.,  14.,  14.],
        [ 15.,  15.,  15.],
        [ 16.,  16.,  16.],
        [ 17.,  17.,  17.],
        [ 18.,  18.,  18.],
        [ 19.,  19.,  19.]])
2023-12-14 20:31:08,956 - DEBUG - 0:embed_value tensor([[ -8.,  -8.,  -8.],
        [-16., -16., -16.]], device='cuda:0',
       grad_fn=<KnownLocalCachedEmbeddingFnBackward>)
2023-12-14 20:31:08,960 - DEBUG - 0:step19, input_keys tensor([1, 2], device='cuda:0')
2023-12-14 20:31:08,962 - DEBUG - 0:std_embed_value tensor([[ -8.5000,  -8.5000,  -8.5000],
        [-17.0000, -17.0000, -17.0000]], device='cuda:0',
       grad_fn=<EmbeddingBackward0>)
2023-12-14 20:31:08,962 - DEBUG - 0: emb_cache tensor([[-9.5000, -9.5000, -9.5000]], device='cuda:0')
2023-12-14 20:31:08,963 - DEBUG - 0: full_emb tensor([[ -9.5000,  -9.5000,  -9.5000],
        [ -8.5000,  -8.5000,  -8.5000],
        [-17.0000, -17.0000, -17.0000],
        [  3.0000,   3.0000,   3.0000],
        [  4.0000,   4.0000,   4.0000],
        [  5.0000,   5.0000,   5.0000],
        [  6.0000,   6.0000,   6.0000],
        [  7.0000,   7.0000,   7.0000],
        [  8.0000,   8.0000,   8.0000],
        [  9.0000,   9.0000,   9.0000],
        [ 10.0000,  10.0000,  10.0000],
        [ 11.0000,  11.0000,  11.0000],
        [ 12.0000,  12.0000,  12.0000],
        [ 13.0000,  13.0000,  13.0000],
        [ 14.0000,  14.0000,  14.0000],
        [ 15.0000,  15.0000,  15.0000],
        [ 16.0000,  16.0000,  16.0000],
        [ 17.0000,  17.0000,  17.0000],
        [ 18.0000,  18.0000,  18.0000],
        [ 19.0000,  19.0000,  19.0000]])
2023-12-14 20:31:08,964 - DEBUG - 0:embed_value tensor([[ -8.5000,  -8.5000,  -8.5000],
        [-17.0000, -17.0000, -17.0000]], device='cuda:0',
       grad_fn=<KnownLocalCachedEmbeddingFnBackward>)
