2023-12-14 20:31:05,752 - DEBUG - rank1: pid=347554
2023-12-14 20:31:05,805 - DEBUG - rank1: NewIPCTensor failed, already exists, 0x100000002000
2023-12-14 20:31:05,806 - DEBUG - in rank1, full_emb.data_ptr=0x100000002000
2023-12-14 20:31:05,807 - INFO - emb.data_ptr=0x100000002000
2023-12-14 20:31:05,809 - INFO - rank1, i=10, tensor([[10., 10., 10.]])
2023-12-14 20:31:05,810 - INFO - rank1, i=11, tensor([[11., 11., 11.]])
2023-12-14 20:31:05,810 - INFO - rank1, i=12, tensor([[12., 12., 12.]])
2023-12-14 20:31:05,810 - INFO - rank1, i=13, tensor([[13., 13., 13.]])
2023-12-14 20:31:05,810 - INFO - rank1, i=14, tensor([[14., 14., 14.]])
2023-12-14 20:31:05,811 - INFO - rank1, i=15, tensor([[15., 15., 15.]])
2023-12-14 20:31:05,811 - INFO - rank1, i=16, tensor([[16., 16., 16.]])
2023-12-14 20:31:05,811 - INFO - rank1, i=17, tensor([[17., 17., 17.]])
2023-12-14 20:31:05,812 - INFO - rank1, i=18, tensor([[18., 18., 18.]])
2023-12-14 20:31:05,812 - INFO - rank1, i=19, tensor([[19., 19., 19.]])
2023-12-14 20:31:07,110 - DEBUG - 1:step0, input_keys tensor([0, 2], device='cuda:1')
2023-12-14 20:31:08,210 - DEBUG - 1:std_embed_value tensor([[0., 0., 0.],
        [2., 2., 2.]], device='cuda:1', grad_fn=<EmbeddingBackward0>)
2023-12-14 20:31:08,211 - DEBUG - 1: emb_cache tensor([[1., 1., 1.]], device='cuda:1')
2023-12-14 20:31:08,213 - DEBUG - 1: full_emb tensor([[ 0.,  0.,  0.],
        [ 1.,  1.,  1.],
        [ 2.,  2.,  2.],
        [ 3.,  3.,  3.],
        [ 4.,  4.,  4.],
        [ 5.,  5.,  5.],
        [ 6.,  6.,  6.],
        [ 7.,  7.,  7.],
        [ 8.,  8.,  8.],
        [ 9.,  9.,  9.],
        [10., 10., 10.],
        [11., 11., 11.],
        [12., 12., 12.],
        [13., 13., 13.],
        [14., 14., 14.],
        [15., 15., 15.],
        [16., 16., 16.],
        [17., 17., 17.],
        [18., 18., 18.],
        [19., 19., 19.]])
2023-12-14 20:31:08,215 - DEBUG - 1:embed_value tensor([[0., 0., 0.],
        [2., 2., 2.]], device='cuda:1',
       grad_fn=<KnownLocalCachedEmbeddingFnBackward>)
2023-12-14 20:31:08,777 - DEBUG - 1:step1, input_keys tensor([0, 2], device='cuda:1')
2023-12-14 20:31:08,777 - INFO - Reducer buckets have been rebuilt in this iteration.
2023-12-14 20:31:08,780 - DEBUG - 1:std_embed_value tensor([[-0.5000, -0.5000, -0.5000],
        [ 1.0000,  1.0000,  1.0000]], device='cuda:1',
       grad_fn=<EmbeddingBackward0>)
2023-12-14 20:31:08,780 - DEBUG - 1: emb_cache tensor([[0.5000, 0.5000, 0.5000]], device='cuda:1')
2023-12-14 20:31:08,781 - DEBUG - 1: full_emb tensor([[-0.5000, -0.5000, -0.5000],
        [ 0.5000,  0.5000,  0.5000],
        [ 1.0000,  1.0000,  1.0000],
        [ 3.0000,  3.0000,  3.0000],
        [ 4.0000,  4.0000,  4.0000],
        [ 5.0000,  5.0000,  5.0000],
        [ 6.0000,  6.0000,  6.0000],
        [ 7.0000,  7.0000,  7.0000],
        [ 8.0000,  8.0000,  8.0000],
        [ 9.0000,  9.0000,  9.0000],
        [10.0000, 10.0000, 10.0000],
        [11.0000, 11.0000, 11.0000],
        [12.0000, 12.0000, 12.0000],
        [13.0000, 13.0000, 13.0000],
        [14.0000, 14.0000, 14.0000],
        [15.0000, 15.0000, 15.0000],
        [16.0000, 16.0000, 16.0000],
        [17.0000, 17.0000, 17.0000],
        [18.0000, 18.0000, 18.0000],
        [19.0000, 19.0000, 19.0000]])
2023-12-14 20:31:08,782 - DEBUG - 1:embed_value tensor([[-0.5000, -0.5000, -0.5000],
        [ 1.0000,  1.0000,  1.0000]], device='cuda:1',
       grad_fn=<KnownLocalCachedEmbeddingFnBackward>)
2023-12-14 20:31:08,788 - DEBUG - 1:step2, input_keys tensor([0, 2], device='cuda:1')
2023-12-14 20:31:08,790 - DEBUG - 1:std_embed_value tensor([[-1., -1., -1.],
        [ 0.,  0.,  0.]], device='cuda:1', grad_fn=<EmbeddingBackward0>)
2023-12-14 20:31:08,791 - DEBUG - 1: emb_cache tensor([[0., 0., 0.]], device='cuda:1')
2023-12-14 20:31:08,792 - DEBUG - 1: full_emb tensor([[-1., -1., -1.],
        [ 0.,  0.,  0.],
        [ 0.,  0.,  0.],
        [ 3.,  3.,  3.],
        [ 4.,  4.,  4.],
        [ 5.,  5.,  5.],
        [ 6.,  6.,  6.],
        [ 7.,  7.,  7.],
        [ 8.,  8.,  8.],
        [ 9.,  9.,  9.],
        [10., 10., 10.],
        [11., 11., 11.],
        [12., 12., 12.],
        [13., 13., 13.],
        [14., 14., 14.],
        [15., 15., 15.],
        [16., 16., 16.],
        [17., 17., 17.],
        [18., 18., 18.],
        [19., 19., 19.]])
2023-12-14 20:31:08,794 - DEBUG - 1:embed_value tensor([[-1., -1., -1.],
        [ 0.,  0.,  0.]], device='cuda:1',
       grad_fn=<KnownLocalCachedEmbeddingFnBackward>)
2023-12-14 20:31:08,798 - DEBUG - 1:step3, input_keys tensor([0, 2], device='cuda:1')
2023-12-14 20:31:08,801 - DEBUG - 1:std_embed_value tensor([[-1.5000, -1.5000, -1.5000],
        [-1.0000, -1.0000, -1.0000]], device='cuda:1',
       grad_fn=<EmbeddingBackward0>)
2023-12-14 20:31:08,802 - DEBUG - 1: emb_cache tensor([[-0.5000, -0.5000, -0.5000]], device='cuda:1')
2023-12-14 20:31:08,804 - DEBUG - 1: full_emb tensor([[-1.5000, -1.5000, -1.5000],
        [-0.5000, -0.5000, -0.5000],
        [-1.0000, -1.0000, -1.0000],
        [ 3.0000,  3.0000,  3.0000],
        [ 4.0000,  4.0000,  4.0000],
        [ 5.0000,  5.0000,  5.0000],
        [ 6.0000,  6.0000,  6.0000],
        [ 7.0000,  7.0000,  7.0000],
        [ 8.0000,  8.0000,  8.0000],
        [ 9.0000,  9.0000,  9.0000],
        [10.0000, 10.0000, 10.0000],
        [11.0000, 11.0000, 11.0000],
        [12.0000, 12.0000, 12.0000],
        [13.0000, 13.0000, 13.0000],
        [14.0000, 14.0000, 14.0000],
        [15.0000, 15.0000, 15.0000],
        [16.0000, 16.0000, 16.0000],
        [17.0000, 17.0000, 17.0000],
        [18.0000, 18.0000, 18.0000],
        [19.0000, 19.0000, 19.0000]])
2023-12-14 20:31:08,806 - DEBUG - 1:embed_value tensor([[-1.5000, -1.5000, -1.5000],
        [-1.0000, -1.0000, -1.0000]], device='cuda:1',
       grad_fn=<KnownLocalCachedEmbeddingFnBackward>)
2023-12-14 20:31:08,810 - DEBUG - 1:step4, input_keys tensor([0, 2], device='cuda:1')
2023-12-14 20:31:08,813 - DEBUG - 1:std_embed_value tensor([[-2., -2., -2.],
        [-2., -2., -2.]], device='cuda:1', grad_fn=<EmbeddingBackward0>)
2023-12-14 20:31:08,815 - DEBUG - 1: emb_cache tensor([[-1., -1., -1.]], device='cuda:1')
2023-12-14 20:31:08,817 - DEBUG - 1: full_emb tensor([[-2., -2., -2.],
        [-1., -1., -1.],
        [-2., -2., -2.],
        [ 3.,  3.,  3.],
        [ 4.,  4.,  4.],
        [ 5.,  5.,  5.],
        [ 6.,  6.,  6.],
        [ 7.,  7.,  7.],
        [ 8.,  8.,  8.],
        [ 9.,  9.,  9.],
        [10., 10., 10.],
        [11., 11., 11.],
        [12., 12., 12.],
        [13., 13., 13.],
        [14., 14., 14.],
        [15., 15., 15.],
        [16., 16., 16.],
        [17., 17., 17.],
        [18., 18., 18.],
        [19., 19., 19.]])
2023-12-14 20:31:08,820 - DEBUG - 1:embed_value tensor([[-2., -2., -2.],
        [-2., -2., -2.]], device='cuda:1',
       grad_fn=<KnownLocalCachedEmbeddingFnBackward>)
2023-12-14 20:31:08,823 - DEBUG - 1:step5, input_keys tensor([0, 2], device='cuda:1')
2023-12-14 20:31:08,826 - DEBUG - 1:std_embed_value tensor([[-2.5000, -2.5000, -2.5000],
        [-3.0000, -3.0000, -3.0000]], device='cuda:1',
       grad_fn=<EmbeddingBackward0>)
2023-12-14 20:31:08,827 - DEBUG - 1: emb_cache tensor([[-1.5000, -1.5000, -1.5000]], device='cuda:1')
2023-12-14 20:31:08,829 - DEBUG - 1: full_emb tensor([[-2.5000, -2.5000, -2.5000],
        [-1.5000, -1.5000, -1.5000],
        [-3.0000, -3.0000, -3.0000],
        [ 3.0000,  3.0000,  3.0000],
        [ 4.0000,  4.0000,  4.0000],
        [ 5.0000,  5.0000,  5.0000],
        [ 6.0000,  6.0000,  6.0000],
        [ 7.0000,  7.0000,  7.0000],
        [ 8.0000,  8.0000,  8.0000],
        [ 9.0000,  9.0000,  9.0000],
        [10.0000, 10.0000, 10.0000],
        [11.0000, 11.0000, 11.0000],
        [12.0000, 12.0000, 12.0000],
        [13.0000, 13.0000, 13.0000],
        [14.0000, 14.0000, 14.0000],
        [15.0000, 15.0000, 15.0000],
        [16.0000, 16.0000, 16.0000],
        [17.0000, 17.0000, 17.0000],
        [18.0000, 18.0000, 18.0000],
        [19.0000, 19.0000, 19.0000]])
2023-12-14 20:31:08,831 - DEBUG - 1:embed_value tensor([[-2.5000, -2.5000, -2.5000],
        [-3.0000, -3.0000, -3.0000]], device='cuda:1',
       grad_fn=<KnownLocalCachedEmbeddingFnBackward>)
2023-12-14 20:31:08,834 - DEBUG - 1:step6, input_keys tensor([0, 2], device='cuda:1')
2023-12-14 20:31:08,837 - DEBUG - 1:std_embed_value tensor([[-3., -3., -3.],
        [-4., -4., -4.]], device='cuda:1', grad_fn=<EmbeddingBackward0>)
2023-12-14 20:31:08,838 - DEBUG - 1: emb_cache tensor([[-2., -2., -2.]], device='cuda:1')
2023-12-14 20:31:08,840 - DEBUG - 1: full_emb tensor([[-3., -3., -3.],
        [-2., -2., -2.],
        [-4., -4., -4.],
        [ 3.,  3.,  3.],
        [ 4.,  4.,  4.],
        [ 5.,  5.,  5.],
        [ 6.,  6.,  6.],
        [ 7.,  7.,  7.],
        [ 8.,  8.,  8.],
        [ 9.,  9.,  9.],
        [10., 10., 10.],
        [11., 11., 11.],
        [12., 12., 12.],
        [13., 13., 13.],
        [14., 14., 14.],
        [15., 15., 15.],
        [16., 16., 16.],
        [17., 17., 17.],
        [18., 18., 18.],
        [19., 19., 19.]])
2023-12-14 20:31:08,844 - DEBUG - 1:embed_value tensor([[-3., -3., -3.],
        [-4., -4., -4.]], device='cuda:1',
       grad_fn=<KnownLocalCachedEmbeddingFnBackward>)
2023-12-14 20:31:08,847 - DEBUG - 1:step7, input_keys tensor([0, 2], device='cuda:1')
2023-12-14 20:31:08,850 - DEBUG - 1:std_embed_value tensor([[-3.5000, -3.5000, -3.5000],
        [-5.0000, -5.0000, -5.0000]], device='cuda:1',
       grad_fn=<EmbeddingBackward0>)
2023-12-14 20:31:08,851 - DEBUG - 1: emb_cache tensor([[-2.5000, -2.5000, -2.5000]], device='cuda:1')
2023-12-14 20:31:08,852 - DEBUG - 1: full_emb tensor([[-3.5000, -3.5000, -3.5000],
        [-2.5000, -2.5000, -2.5000],
        [-5.0000, -5.0000, -5.0000],
        [ 3.0000,  3.0000,  3.0000],
        [ 4.0000,  4.0000,  4.0000],
        [ 5.0000,  5.0000,  5.0000],
        [ 6.0000,  6.0000,  6.0000],
        [ 7.0000,  7.0000,  7.0000],
        [ 8.0000,  8.0000,  8.0000],
        [ 9.0000,  9.0000,  9.0000],
        [10.0000, 10.0000, 10.0000],
        [11.0000, 11.0000, 11.0000],
        [12.0000, 12.0000, 12.0000],
        [13.0000, 13.0000, 13.0000],
        [14.0000, 14.0000, 14.0000],
        [15.0000, 15.0000, 15.0000],
        [16.0000, 16.0000, 16.0000],
        [17.0000, 17.0000, 17.0000],
        [18.0000, 18.0000, 18.0000],
        [19.0000, 19.0000, 19.0000]])
2023-12-14 20:31:08,854 - DEBUG - 1:embed_value tensor([[-3.5000, -3.5000, -3.5000],
        [-5.0000, -5.0000, -5.0000]], device='cuda:1',
       grad_fn=<KnownLocalCachedEmbeddingFnBackward>)
2023-12-14 20:31:08,857 - DEBUG - 1:step8, input_keys tensor([0, 2], device='cuda:1')
2023-12-14 20:31:08,860 - DEBUG - 1:std_embed_value tensor([[-4., -4., -4.],
        [-6., -6., -6.]], device='cuda:1', grad_fn=<EmbeddingBackward0>)
2023-12-14 20:31:08,861 - DEBUG - 1: emb_cache tensor([[-3., -3., -3.]], device='cuda:1')
2023-12-14 20:31:08,863 - DEBUG - 1: full_emb tensor([[-4., -4., -4.],
        [-3., -3., -3.],
        [-6., -6., -6.],
        [ 3.,  3.,  3.],
        [ 4.,  4.,  4.],
        [ 5.,  5.,  5.],
        [ 6.,  6.,  6.],
        [ 7.,  7.,  7.],
        [ 8.,  8.,  8.],
        [ 9.,  9.,  9.],
        [10., 10., 10.],
        [11., 11., 11.],
        [12., 12., 12.],
        [13., 13., 13.],
        [14., 14., 14.],
        [15., 15., 15.],
        [16., 16., 16.],
        [17., 17., 17.],
        [18., 18., 18.],
        [19., 19., 19.]])
2023-12-14 20:31:08,866 - DEBUG - 1:embed_value tensor([[-4., -4., -4.],
        [-6., -6., -6.]], device='cuda:1',
       grad_fn=<KnownLocalCachedEmbeddingFnBackward>)
2023-12-14 20:31:08,869 - DEBUG - 1:step9, input_keys tensor([0, 2], device='cuda:1')
2023-12-14 20:31:08,871 - DEBUG - 1:std_embed_value tensor([[-4.5000, -4.5000, -4.5000],
        [-7.0000, -7.0000, -7.0000]], device='cuda:1',
       grad_fn=<EmbeddingBackward0>)
2023-12-14 20:31:08,872 - DEBUG - 1: emb_cache tensor([[-3.5000, -3.5000, -3.5000]], device='cuda:1')
2023-12-14 20:31:08,874 - DEBUG - 1: full_emb tensor([[-4.5000, -4.5000, -4.5000],
        [-3.5000, -3.5000, -3.5000],
        [-7.0000, -7.0000, -7.0000],
        [ 3.0000,  3.0000,  3.0000],
        [ 4.0000,  4.0000,  4.0000],
        [ 5.0000,  5.0000,  5.0000],
        [ 6.0000,  6.0000,  6.0000],
        [ 7.0000,  7.0000,  7.0000],
        [ 8.0000,  8.0000,  8.0000],
        [ 9.0000,  9.0000,  9.0000],
        [10.0000, 10.0000, 10.0000],
        [11.0000, 11.0000, 11.0000],
        [12.0000, 12.0000, 12.0000],
        [13.0000, 13.0000, 13.0000],
        [14.0000, 14.0000, 14.0000],
        [15.0000, 15.0000, 15.0000],
        [16.0000, 16.0000, 16.0000],
        [17.0000, 17.0000, 17.0000],
        [18.0000, 18.0000, 18.0000],
        [19.0000, 19.0000, 19.0000]])
2023-12-14 20:31:08,876 - DEBUG - 1:embed_value tensor([[-4.5000, -4.5000, -4.5000],
        [-7.0000, -7.0000, -7.0000]], device='cuda:1',
       grad_fn=<KnownLocalCachedEmbeddingFnBackward>)
2023-12-14 20:31:08,879 - DEBUG - 1:step10, input_keys tensor([0, 2], device='cuda:1')
2023-12-14 20:31:08,881 - DEBUG - 1:std_embed_value tensor([[-5., -5., -5.],
        [-8., -8., -8.]], device='cuda:1', grad_fn=<EmbeddingBackward0>)
2023-12-14 20:31:08,882 - DEBUG - 1: emb_cache tensor([[-4., -4., -4.]], device='cuda:1')
2023-12-14 20:31:08,884 - DEBUG - 1: full_emb tensor([[-5., -5., -5.],
        [-4., -4., -4.],
        [-8., -8., -8.],
        [ 3.,  3.,  3.],
        [ 4.,  4.,  4.],
        [ 5.,  5.,  5.],
        [ 6.,  6.,  6.],
        [ 7.,  7.,  7.],
        [ 8.,  8.,  8.],
        [ 9.,  9.,  9.],
        [10., 10., 10.],
        [11., 11., 11.],
        [12., 12., 12.],
        [13., 13., 13.],
        [14., 14., 14.],
        [15., 15., 15.],
        [16., 16., 16.],
        [17., 17., 17.],
        [18., 18., 18.],
        [19., 19., 19.]])
2023-12-14 20:31:08,885 - DEBUG - 1:embed_value tensor([[-5., -5., -5.],
        [-8., -8., -8.]], device='cuda:1',
       grad_fn=<KnownLocalCachedEmbeddingFnBackward>)
2023-12-14 20:31:08,888 - DEBUG - 1:step11, input_keys tensor([0, 2], device='cuda:1')
2023-12-14 20:31:08,890 - DEBUG - 1:std_embed_value tensor([[-5.5000, -5.5000, -5.5000],
        [-9.0000, -9.0000, -9.0000]], device='cuda:1',
       grad_fn=<EmbeddingBackward0>)
2023-12-14 20:31:08,891 - DEBUG - 1: emb_cache tensor([[-4.5000, -4.5000, -4.5000]], device='cuda:1')
2023-12-14 20:31:08,892 - DEBUG - 1: full_emb tensor([[-5.5000, -5.5000, -5.5000],
        [-4.5000, -4.5000, -4.5000],
        [-9.0000, -9.0000, -9.0000],
        [ 3.0000,  3.0000,  3.0000],
        [ 4.0000,  4.0000,  4.0000],
        [ 5.0000,  5.0000,  5.0000],
        [ 6.0000,  6.0000,  6.0000],
        [ 7.0000,  7.0000,  7.0000],
        [ 8.0000,  8.0000,  8.0000],
        [ 9.0000,  9.0000,  9.0000],
        [10.0000, 10.0000, 10.0000],
        [11.0000, 11.0000, 11.0000],
        [12.0000, 12.0000, 12.0000],
        [13.0000, 13.0000, 13.0000],
        [14.0000, 14.0000, 14.0000],
        [15.0000, 15.0000, 15.0000],
        [16.0000, 16.0000, 16.0000],
        [17.0000, 17.0000, 17.0000],
        [18.0000, 18.0000, 18.0000],
        [19.0000, 19.0000, 19.0000]])
2023-12-14 20:31:08,894 - DEBUG - 1:embed_value tensor([[-5.5000, -5.5000, -5.5000],
        [-9.0000, -9.0000, -9.0000]], device='cuda:1',
       grad_fn=<KnownLocalCachedEmbeddingFnBackward>)
2023-12-14 20:31:08,897 - DEBUG - 1:step12, input_keys tensor([0, 2], device='cuda:1')
2023-12-14 20:31:08,899 - DEBUG - 1:std_embed_value tensor([[ -6.,  -6.,  -6.],
        [-10., -10., -10.]], device='cuda:1', grad_fn=<EmbeddingBackward0>)
2023-12-14 20:31:08,900 - DEBUG - 1: emb_cache tensor([[-5., -5., -5.]], device='cuda:1')
2023-12-14 20:31:08,902 - DEBUG - 1: full_emb tensor([[ -6.,  -6.,  -6.],
        [ -5.,  -5.,  -5.],
        [-10., -10., -10.],
        [  3.,   3.,   3.],
        [  4.,   4.,   4.],
        [  5.,   5.,   5.],
        [  6.,   6.,   6.],
        [  7.,   7.,   7.],
        [  8.,   8.,   8.],
        [  9.,   9.,   9.],
        [ 10.,  10.,  10.],
        [ 11.,  11.,  11.],
        [ 12.,  12.,  12.],
        [ 13.,  13.,  13.],
        [ 14.,  14.,  14.],
        [ 15.,  15.,  15.],
        [ 16.,  16.,  16.],
        [ 17.,  17.,  17.],
        [ 18.,  18.,  18.],
        [ 19.,  19.,  19.]])
2023-12-14 20:31:08,903 - DEBUG - 1:embed_value tensor([[ -6.,  -6.,  -6.],
        [-10., -10., -10.]], device='cuda:1',
       grad_fn=<KnownLocalCachedEmbeddingFnBackward>)
2023-12-14 20:31:08,907 - DEBUG - 1:step13, input_keys tensor([0, 2], device='cuda:1')
2023-12-14 20:31:08,909 - DEBUG - 1:std_embed_value tensor([[ -6.5000,  -6.5000,  -6.5000],
        [-11.0000, -11.0000, -11.0000]], device='cuda:1',
       grad_fn=<EmbeddingBackward0>)
2023-12-14 20:31:08,910 - DEBUG - 1: emb_cache tensor([[-5.5000, -5.5000, -5.5000]], device='cuda:1')
2023-12-14 20:31:08,911 - DEBUG - 1: full_emb tensor([[ -6.5000,  -6.5000,  -6.5000],
        [ -5.5000,  -5.5000,  -5.5000],
        [-11.0000, -11.0000, -11.0000],
        [  3.0000,   3.0000,   3.0000],
        [  4.0000,   4.0000,   4.0000],
        [  5.0000,   5.0000,   5.0000],
        [  6.0000,   6.0000,   6.0000],
        [  7.0000,   7.0000,   7.0000],
        [  8.0000,   8.0000,   8.0000],
        [  9.0000,   9.0000,   9.0000],
        [ 10.0000,  10.0000,  10.0000],
        [ 11.0000,  11.0000,  11.0000],
        [ 12.0000,  12.0000,  12.0000],
        [ 13.0000,  13.0000,  13.0000],
        [ 14.0000,  14.0000,  14.0000],
        [ 15.0000,  15.0000,  15.0000],
        [ 16.0000,  16.0000,  16.0000],
        [ 17.0000,  17.0000,  17.0000],
        [ 18.0000,  18.0000,  18.0000],
        [ 19.0000,  19.0000,  19.0000]])
2023-12-14 20:31:08,912 - DEBUG - 1:embed_value tensor([[ -6.5000,  -6.5000,  -6.5000],
        [-11.0000, -11.0000, -11.0000]], device='cuda:1',
       grad_fn=<KnownLocalCachedEmbeddingFnBackward>)
2023-12-14 20:31:08,916 - DEBUG - 1:step14, input_keys tensor([0, 2], device='cuda:1')
2023-12-14 20:31:08,918 - DEBUG - 1:std_embed_value tensor([[ -7.,  -7.,  -7.],
        [-12., -12., -12.]], device='cuda:1', grad_fn=<EmbeddingBackward0>)
2023-12-14 20:31:08,919 - DEBUG - 1: emb_cache tensor([[-6., -6., -6.]], device='cuda:1')
2023-12-14 20:31:08,921 - DEBUG - 1: full_emb tensor([[ -7.,  -7.,  -7.],
        [ -6.,  -6.,  -6.],
        [-12., -12., -12.],
        [  3.,   3.,   3.],
        [  4.,   4.,   4.],
        [  5.,   5.,   5.],
        [  6.,   6.,   6.],
        [  7.,   7.,   7.],
        [  8.,   8.,   8.],
        [  9.,   9.,   9.],
        [ 10.,  10.,  10.],
        [ 11.,  11.,  11.],
        [ 12.,  12.,  12.],
        [ 13.,  13.,  13.],
        [ 14.,  14.,  14.],
        [ 15.,  15.,  15.],
        [ 16.,  16.,  16.],
        [ 17.,  17.,  17.],
        [ 18.,  18.,  18.],
        [ 19.,  19.,  19.]])
2023-12-14 20:31:08,922 - DEBUG - 1:embed_value tensor([[ -7.,  -7.,  -7.],
        [-12., -12., -12.]], device='cuda:1',
       grad_fn=<KnownLocalCachedEmbeddingFnBackward>)
2023-12-14 20:31:08,925 - DEBUG - 1:step15, input_keys tensor([0, 2], device='cuda:1')
2023-12-14 20:31:08,927 - DEBUG - 1:std_embed_value tensor([[ -7.5000,  -7.5000,  -7.5000],
        [-13.0000, -13.0000, -13.0000]], device='cuda:1',
       grad_fn=<EmbeddingBackward0>)
2023-12-14 20:31:08,928 - DEBUG - 1: emb_cache tensor([[-6.5000, -6.5000, -6.5000]], device='cuda:1')
2023-12-14 20:31:08,929 - DEBUG - 1: full_emb tensor([[ -7.5000,  -7.5000,  -7.5000],
        [ -6.5000,  -6.5000,  -6.5000],
        [-13.0000, -13.0000, -13.0000],
        [  3.0000,   3.0000,   3.0000],
        [  4.0000,   4.0000,   4.0000],
        [  5.0000,   5.0000,   5.0000],
        [  6.0000,   6.0000,   6.0000],
        [  7.0000,   7.0000,   7.0000],
        [  8.0000,   8.0000,   8.0000],
        [  9.0000,   9.0000,   9.0000],
        [ 10.0000,  10.0000,  10.0000],
        [ 11.0000,  11.0000,  11.0000],
        [ 12.0000,  12.0000,  12.0000],
        [ 13.0000,  13.0000,  13.0000],
        [ 14.0000,  14.0000,  14.0000],
        [ 15.0000,  15.0000,  15.0000],
        [ 16.0000,  16.0000,  16.0000],
        [ 17.0000,  17.0000,  17.0000],
        [ 18.0000,  18.0000,  18.0000],
        [ 19.0000,  19.0000,  19.0000]])
2023-12-14 20:31:08,930 - DEBUG - 1:embed_value tensor([[ -7.5000,  -7.5000,  -7.5000],
        [-13.0000, -13.0000, -13.0000]], device='cuda:1',
       grad_fn=<KnownLocalCachedEmbeddingFnBackward>)
2023-12-14 20:31:08,934 - DEBUG - 1:step16, input_keys tensor([0, 2], device='cuda:1')
2023-12-14 20:31:08,936 - DEBUG - 1:std_embed_value tensor([[ -8.,  -8.,  -8.],
        [-14., -14., -14.]], device='cuda:1', grad_fn=<EmbeddingBackward0>)
2023-12-14 20:31:08,937 - DEBUG - 1: emb_cache tensor([[-7., -7., -7.]], device='cuda:1')
2023-12-14 20:31:08,938 - DEBUG - 1: full_emb tensor([[ -8.,  -8.,  -8.],
        [ -7.,  -7.,  -7.],
        [-14., -14., -14.],
        [  3.,   3.,   3.],
        [  4.,   4.,   4.],
        [  5.,   5.,   5.],
        [  6.,   6.,   6.],
        [  7.,   7.,   7.],
        [  8.,   8.,   8.],
        [  9.,   9.,   9.],
        [ 10.,  10.,  10.],
        [ 11.,  11.,  11.],
        [ 12.,  12.,  12.],
        [ 13.,  13.,  13.],
        [ 14.,  14.,  14.],
        [ 15.,  15.,  15.],
        [ 16.,  16.,  16.],
        [ 17.,  17.,  17.],
        [ 18.,  18.,  18.],
        [ 19.,  19.,  19.]])
2023-12-14 20:31:08,940 - DEBUG - 1:embed_value tensor([[ -8.,  -8.,  -8.],
        [-14., -14., -14.]], device='cuda:1',
       grad_fn=<KnownLocalCachedEmbeddingFnBackward>)
2023-12-14 20:31:08,943 - DEBUG - 1:step17, input_keys tensor([0, 2], device='cuda:1')
2023-12-14 20:31:08,945 - DEBUG - 1:std_embed_value tensor([[ -8.5000,  -8.5000,  -8.5000],
        [-15.0000, -15.0000, -15.0000]], device='cuda:1',
       grad_fn=<EmbeddingBackward0>)
2023-12-14 20:31:08,946 - DEBUG - 1: emb_cache tensor([[-7.5000, -7.5000, -7.5000]], device='cuda:1')
2023-12-14 20:31:08,947 - DEBUG - 1: full_emb tensor([[ -8.5000,  -8.5000,  -8.5000],
        [ -7.5000,  -7.5000,  -7.5000],
        [-15.0000, -15.0000, -15.0000],
        [  3.0000,   3.0000,   3.0000],
        [  4.0000,   4.0000,   4.0000],
        [  5.0000,   5.0000,   5.0000],
        [  6.0000,   6.0000,   6.0000],
        [  7.0000,   7.0000,   7.0000],
        [  8.0000,   8.0000,   8.0000],
        [  9.0000,   9.0000,   9.0000],
        [ 10.0000,  10.0000,  10.0000],
        [ 11.0000,  11.0000,  11.0000],
        [ 12.0000,  12.0000,  12.0000],
        [ 13.0000,  13.0000,  13.0000],
        [ 14.0000,  14.0000,  14.0000],
        [ 15.0000,  15.0000,  15.0000],
        [ 16.0000,  16.0000,  16.0000],
        [ 17.0000,  17.0000,  17.0000],
        [ 18.0000,  18.0000,  18.0000],
        [ 19.0000,  19.0000,  19.0000]])
2023-12-14 20:31:08,948 - DEBUG - 1:embed_value tensor([[ -8.5000,  -8.5000,  -8.5000],
        [-15.0000, -15.0000, -15.0000]], device='cuda:1',
       grad_fn=<KnownLocalCachedEmbeddingFnBackward>)
2023-12-14 20:31:08,952 - DEBUG - 1:step18, input_keys tensor([0, 2], device='cuda:1')
2023-12-14 20:31:08,953 - DEBUG - 1:std_embed_value tensor([[ -9.,  -9.,  -9.],
        [-16., -16., -16.]], device='cuda:1', grad_fn=<EmbeddingBackward0>)
2023-12-14 20:31:08,954 - DEBUG - 1: emb_cache tensor([[-8., -8., -8.]], device='cuda:1')
2023-12-14 20:31:08,956 - DEBUG - 1: full_emb tensor([[ -9.,  -9.,  -9.],
        [ -8.,  -8.,  -8.],
        [-16., -16., -16.],
        [  3.,   3.,   3.],
        [  4.,   4.,   4.],
        [  5.,   5.,   5.],
        [  6.,   6.,   6.],
        [  7.,   7.,   7.],
        [  8.,   8.,   8.],
        [  9.,   9.,   9.],
        [ 10.,  10.,  10.],
        [ 11.,  11.,  11.],
        [ 12.,  12.,  12.],
        [ 13.,  13.,  13.],
        [ 14.,  14.,  14.],
        [ 15.,  15.,  15.],
        [ 16.,  16.,  16.],
        [ 17.,  17.,  17.],
        [ 18.,  18.,  18.],
        [ 19.,  19.,  19.]])
2023-12-14 20:31:08,957 - DEBUG - 1:embed_value tensor([[ -9.,  -9.,  -9.],
        [-16., -16., -16.]], device='cuda:1',
       grad_fn=<KnownLocalCachedEmbeddingFnBackward>)
2023-12-14 20:31:08,960 - DEBUG - 1:step19, input_keys tensor([0, 2], device='cuda:1')
2023-12-14 20:31:08,962 - DEBUG - 1:std_embed_value tensor([[ -9.5000,  -9.5000,  -9.5000],
        [-17.0000, -17.0000, -17.0000]], device='cuda:1',
       grad_fn=<EmbeddingBackward0>)
2023-12-14 20:31:08,963 - DEBUG - 1: emb_cache tensor([[-8.5000, -8.5000, -8.5000]], device='cuda:1')
2023-12-14 20:31:08,964 - DEBUG - 1: full_emb tensor([[ -9.5000,  -9.5000,  -9.5000],
        [ -8.5000,  -8.5000,  -8.5000],
        [-17.0000, -17.0000, -17.0000],
        [  3.0000,   3.0000,   3.0000],
        [  4.0000,   4.0000,   4.0000],
        [  5.0000,   5.0000,   5.0000],
        [  6.0000,   6.0000,   6.0000],
        [  7.0000,   7.0000,   7.0000],
        [  8.0000,   8.0000,   8.0000],
        [  9.0000,   9.0000,   9.0000],
        [ 10.0000,  10.0000,  10.0000],
        [ 11.0000,  11.0000,  11.0000],
        [ 12.0000,  12.0000,  12.0000],
        [ 13.0000,  13.0000,  13.0000],
        [ 14.0000,  14.0000,  14.0000],
        [ 15.0000,  15.0000,  15.0000],
        [ 16.0000,  16.0000,  16.0000],
        [ 17.0000,  17.0000,  17.0000],
        [ 18.0000,  18.0000,  18.0000],
        [ 19.0000,  19.0000,  19.0000]])
2023-12-14 20:31:08,965 - DEBUG - 1:embed_value tensor([[ -9.5000,  -9.5000,  -9.5000],
        [-17.0000, -17.0000, -17.0000]], device='cuda:1',
       grad_fn=<KnownLocalCachedEmbeddingFnBackward>)
